Send1: 1034, Time: 2024-10-23 11:10:21.226, Time: 2024-10-23 11:10:21.226

Send1: 1035, Time: 2024-10-23 11:10:21.327, Time: 2024-10-23 11:10:21.327

Send1: 1P3

Send1: 1052, Time: 2024-10-23 11:10:23.038, Time: 2024-10-23 11:10:23.038

Send1: 1054, Time: 2024-10-23 11:10:23.239, Time: 2024-10-23 11:10:23.239

Send1: 1055, Time: 2024-10-23 11:10:23.340, Time: 2024-10-23 11:10:23.340

Send1: 1060, Time: 2024-10-23 11:10:23.843, Time: 2024-10-23 11:10:23.843

Send1: 1063, Time: 2024-10-23 11:10:24.145, Time: 2024-10-23 11:10:24.145

Send1: 1069, Time: 2024-10-23 11:10:24.748, Time: 2024-10-23 11:10:24.748

Send1+ 1071, Xe|d

Send1: 1074, Time: 2024-10-23 11:10:25.251, Time: 2024-10-23 11:10:25.251

Send1: 1075, Time: 2024-10-23 11:10:25.352, Time: 2024-10-23 11:10:25.352

Send1: 1076, Time: 2024-10-23 11:10:25.453, Time: 2024-10-23 11:10:25.453

Send1: 1077, Time: 2024-10-23 11:10:25.553, Time: 2024-10-23 11:10:25.553

Send1: 1078, Time: 2024-10-23 11:10:25.654, Time: 2024-10-23 11:10:25.654

Send1: 1079, Time: 2024-10-23 11:10:25.754, Time: 2024-10-23 11:10:25.754

Send1: 1080, Time: 2024-10-23 11:10:25.855, Time: 2024-10-23 11:10:25.855

Send1: 1084, Time: 2024-10-23 11:10:26.257, Time: 2024-10-23 11:10:26.257

Send1: 1087, Time: 2024-10-23 11:10:26.558, Time: 2024-10-23 11:10:26.558

Send1: 1088, Time: 2024-10-23 11:10:26.659, Time: 2024-10-23 11:10:26.659

Send1: 1089, Time: 2024-10-23 11:10:26.759, Time: 2024-10-23 11:10:26.759

Send1: 1092, Time: 2024-10-23 11:10:27.061, Time: 2024-10-23 11:10:27.061

Send1: 1093, Time: 2024-10-23 11:10:27.161, Time: 2024-10-23 11:10:27.161

Send1: 1095, Time: 2024-10-23 11:10:27.363, Time: 2024-10-23 11:10:27.363

Send1: 1096, Time: 2024-10-23 11:10:27.464, Time: 2024-10-23 11:10:27.464

Send1: 1097, Time: 2024-10-23 11:10:27.565, Time: 2024-10-23 11:10:27.565

Send1: 1099, Time: 2024-10-23 11:10:27.767, Time: 2024-10-23 11:10:27.767

Send1: 1101, Time: 2024-10-23 11:10:27.968, Time: 2024-10-23 11:10:27.968

Send1: 1102, Time: 2024-10-23 11:10:28.069, Time: 2024-10-23 11:10:28.069

Send1: 1103, Time: 2024-10-23 11:10:28.169, Time: 2024-10-23 11:10:28.169

Send1: 1105, Time: 2024-10-23 11:10:28.371, Time: 2024-10-23 11:10:28.371

Send1: 1106, Time: 2024-10-23 11:10:28.471, Time: 2024-10-23 11:10:28.471

Send1: 1107, Time: 2024-10-23 11:10:28.572, Time: 2024-10-23 11:10:28.572

Send1: 1108, Time: 2024-10-23 11:10:28.672, Time: 2024-10-23 11:10:28.672

Send1: 1109, Time: 2024-10-23 11:10:28.773, Time: 2024-10-23 11:10:28.773

Send1: 1110, Time: 2024-10-23 11:10:28.874, Time: 2024-10-23 11:10:28.874

Send1: 1111, Time: 2024-10-23 11:10:28.974, Time: 2024-10-23 11:10:28.974

Send1: 1113, Time: 2024-10-23 11:10:29.175, Time: 2024-10-23 11:10:29.175

Send1: 1115, Time: 2024-10-23 11:10:29.376, Time: 2024-10-23 11:10:29.376

Send1: 1117, Time: 2024-10-23 11:10:29.577, Time: 2024-10-23 11:10:29.577

Send1: 1120, Time: 2024-10-23 11:10:29.880, Time: 2024-10-23 11:10:29.880

Send1: 1121, Time: 2024-10-23 11:10:29.980, Time: 2024-10-23 11:10:29.980

Send1: 1122, Time: 2024-10-23 11:10:30.081, Time: 2024-10-23 11:10:30.081

Send1: 1123, Time: 2024-10-23 11:10:30.181, Time: 2024-10-23 11:10:30.181

Send1: 1126, Time: 2024-10-23 11:10:30.483, Time: 2024-10-23 11:10:30.483

Send1: 1127, Time: 2024-10-23 11:10:30.583, Time: 2024-10-23 11:10:30.583

Send1: 1128, Time: 2024-10-23 11:10:30.684, Time: 2024-10-23 11:10:30.684

Send1: 1129, Time: 2024-10-23 11:10:30.785, Time: 2024-10-23 11:10:30.785

Send1: 1130, Time: 2024-10-23 11:10:30.885, Time: 2024-10-23 11:10:30.885

Send1: 1131, Time: 2024-10-23 11:10:30.986, Time: 2024-10-23 11:10:30.986

Send1: 1146, Time: 2024-10-23 11:10:32.496, Time: 2024-10-23 11:10:32.496

[efd1:`1153, Ti5a8@2q#4-10-23 11:10:33.200, Time: 2024-10-23 11:10:33.200

Send1: 1183, Time: 2024-10-23 11:10:36.218, Time: 2024-10-23 11:10:36.218

Send1: 1186, Time: 2024-10-23 11:10:36.520, Time: 2024-10-23 11:10:36.520

Send1: 1187, Time: 2024-10-23 11:10:36.621, Time: 2024-10-23 11:10:36.621

Send1: 1189, Time: 2024-10-23 11:10:36.822, Time: 2024-10-23 11:10:36.822

Send1: 1191, Time: 2024-10-23 11:10:37.023, Time: 2024-10-23 11:10:37.023

Send1: 1192, Time: 2024-10-23 11:10:37.124, Time: 2024-10-23 11:10:37.124

Send1: 1193, Time: 2024-10-23 11:10:37.225, Time: 2024-10-23 11:10:37.225

Send1: 1194, Time: 2024-10-23 11:10:37.326, Time: 2024-10-23 11:10:37.326

Send1: 1200, Time: 2024-10-23 11:10:37.929, Time: 2024-10-23 11:10:37.929

Send1: 1203, Time: 2024-10-23 11:10:38.231, Time: 2024-10-23 11:10:38.231

Send1: 1204, Time: 2024-10-23 11:10:38.332, Time: 2024-10-23 11:10:38.332

Send1: 1205, Time: 2024-10-23 11:10:38.433, Time: 2024-10-23 11:10:38.433

Send1: 1206, Time: 2024-10-23 11:10:38.534, Time: 2024-10-23 11:10:38.534

Send1: 1207, Time: 2024-10-23 11:10:38.634, Time: 2024-10-23 11:10:38.634

Send1: 1211, Time: 2024-10-23 11:10:39.037, Time: 2024-10-23 11:10:39.037

Send1: 1213, Time: 2024-10-23 11:10:39.238, Time: 2024-10-23 11:10:39.238

Send1: 1215, Time: 2024-10-23 11:10:39.439, Time: 2024-10-23 11:10:39.439

Send1: 1222, Time: 2024-10-23 11:10:40.142, Time: 2024-10-23 11:10:40.142

Send1: 1223, Time: 2024-10-23 11:10:40.243, Time: 2024-10-23 11:10:40.243

Send1: 1224, Time: 2024-10-23 11:10:40.344, Time: 2024-10-23 11:10:40.344

en7: 1226, Time: 2024-10-23 11:10:40.545, Time: 2024-10-23 11:10:40.545

Send1: 1230, Time: 2024-10-23 11:10:40.947, Time: 2024-10-23 11:10:40.947

Send1: 1232, Time: 2024-10-23 11:10:41.148, Time: 2024-10-23 11:10:41.148

Send1: 1233, Time: 2024-10-23 11:10:41.249, Time: 2024-10-23 11:10:41.249

Send1: 1234, Time: 2024-10-23 11:10:41.349, Time: 2024-10-23 11:10:41.349

Send1: 1235, Time: 2024-10-23 11:10:41.450, Time: 2024-10-23 11:10:41.450

Send1: 1237, Time: 2024-10-23 11:10:41.652, Time: 2024-10-23 11:10:41.652

Send1: 1238, Time: 2024-10-23 11:10:41.752, Time: 2024-10-23 11:10:41.752

Send1: 1239, Time: 2024-10-23 11:10:41.853, Time: 2024-10-23 11:10:41.853

Send1: 1241, Time: 2024-10-23 11:10:42.054, Time: 2024-10-23 11:10:42.054

Send1: 1242, Time: 2024-10-23 11:10:42.154, Time: 2024-10-23 11:10:42.154

Send1: 1243, Time: 2024-10-23 11:10:42.255, Time: 2024-10-23 11:10:42.255

Send1: 1244, Time: 2024-10-23 11:10:42.355, Time: 2024-10-23 11:10:42.355

Send1: 1245, Time: 2024-10-23 11:10:42.456, Time: 2024-10-23 11:10:42.456

Send1: 1246, Time: 2024-10-23 11:10:42.556, Time: 2024-10-23 11:10:42.556

Send1: 1247, Time: 2024-10-23 11:10:42.657, Time: 2024-10-23 11:10:42.657

Send1: 1248, Time: 2024-10-23 11:10:42.758, Time: 2024-10-23 11:10:42.758

Send1: 1249, Time: 2024-10-23 11:10:42.858, Time: 2024-10-23 11:10:42.858

Send1: 1250, Time: 2024-10-23 11:10:42.959, Time: 2024-10-23 11:10:42.959

Send1: 1252, Time: 2024-10-23 11:10:43.159, Time: 2024-10-23 11:10:43.159

Send1: 1254, Time: 2024-10-23 11:10:43.361, Time: 2024-10-23 11:10:43.361

Send1: 1255, Time: 2024-10-23 11:10:43.462, Time: 2024-10-23 11:10:43.462

Send1: 1257, Time: 2024-10-23 11:10:43.663, Time: 2024-10-23 11:10:43.663

Send1: 1258, Time: 2024-10-23 11:10:43.764, Time: 2024-10-23 11:10:43.764

Send1: 1259, Time: 2024-10-23 11:10:43.864, Time: 2024-10-23 11:10:43.864

Send1: 1261, Time: 2024-10-23 11:10:44.065, Time: 2024-10-23 11:10:44.065

Send1: 1262, Time: 2024-10-23 11:10:44.166, Time: 2024-10-23 11:10:44.166

Send1: 1264, Time: 2024-10-23 11:10:44.367, Time: 2024-10-23 11:10:44.367

Send1: 1265, Time: 2024-10-23 11:10:44.467, Time: 2024-10-23 11:10:44.467

Send1: 1268, Time: 2024-10-23 11:10:44.769, Time: 2024-10-23 11:10:44.769

Send1: 1270, Time: 2024-10-23 11:10:44.970, Time: 2024-10-23 11:10:44.970

Send1: 1271, Time: 2024-10-23 11:10:45.070, Time: 2024-10-23 11:10:45.070

Send1: 1272, Time: 2024-10-23 11:10:45.171, Time: 2024-10-23 11:10:45.171

Send1: 1274, Time: 2024-10-23 11:10:45.373, Time: 2024-10-23 11:10:45.373

Send1: 1276, Time: 2024-10-23 11:10:45.574, Time: 2024-10-23 11:10:45.574

Send1: 1277, Time: 2024-10-23 11:10:45.674, Time: 2024-10-23 11:10:45.674

Send1: 1278, Time: 2024-10-23 11:10:45.775, Time: 2024-10-23 11:10:45.775

Send1: 1280, Time: 2024-10-23 11:10:45.976, Time: 2024-10-23 11:10:45.976

Send1: 1281, Time: 2024-10-23 11:10:46.077, Time: 2024-10-23 11:10:46.077

Send1: 1282, Time: 2024-10-23 11:10:46.177, Time: 2024-10-23 11:10:46.177

Send1: 1283, Time: 2024-10-23 11:10:46.277, Time: 2024-10-23 11:10:46.277

Send1: 1284, Time: 2024-10-23 11:10:46.378, Time: 2024-10-23 11:10:46.378

Send1: 1285, Time: 2024-10-23 11:10:46.479, Time: 2024-10-23 11:10:46.479

Send1: 1286, Time: 2024-10-23 11:10:46.579, Time: 2024-10-23 11:10:46.579

Send1: 1287, Time: 2024-10-23 11:10:46.680, Time: 2024-10-23 11:10:46.680

Send1: 1288, Time: 2024-10-23 11:10:46.781, Time: 2024-10-23 11:10:46.781

Send1: 1289, Time: 2024-10-23 11:10:46.881, Time: 2024-10-23 11:10:46.881

Send1: 1291, Time: 2024-10-23 11:10:47.082, Time: 2024-10-23 11:10:47.082

Send1: 1292, Time: 2024-10-23 11:10:47.183, Time: 2024-10-23 11:10:47.183

Send1: 1293, Time: 2024-10-23 11:10:47.284, Time: 2024-10-23 11:10:47.284

Send1: 1294, Time: 2024-10-23 11:10:47.384, Time: 2024-10-23 11:10:47.384

Send1: 1295, Time: 2024-10-23 11:10:47.485, Time: 2024-10-23 11:10:47.485

Send1: 1296, Time: 2024-10-23 11:10:47.585, Time: 2024-10-23 11:10:47.585

Send1: 1297, Time: 2024-10-23 11:10:47.686, Time: 2024-10-23 11:10:47.686

Send1: 1300, Time: 2024-10-23 11:10:47.988, Time: 2024-10-23 11:10:47.988

Send1: 1301, Time: 2024-10-23 11:10:48.088, Time: 2024-10-23 11:10:48.088

Send1: 1302, Time: 2024-10-23 11:10:48.189, Time: 2024-10-23 11:10:48.189

Send1: 1303, Time: 2024-10-23 11:10:48.289, Time: 2024-10-23 11:10:48.289

Send1: 1304, Time: 2024-10-23 11:10:48.389, Time: 2024-10-23 11:10:48.389

Send1: 1305, Time: 2024-10-23 11:10:48.490, Time: 2024-10-23 11:10:48.490

Send1: 1306, Time: 2024-10-23 11:10:48.590, Time: 2024-10-23 11:10:48.590

Send1: 1309, Time: 2024-10-23 11:10:48.892, Time: 2024-10-23 11:10:48.892

Send1: 1310, Time: 2024-10-23 11:10:48.992, Time: 2024-10-23 11:10:48.992

Send1: 1311, Time: 2024-10-23 11:10:49.093, Time: 2024-10-23 11:10:49.093

Send1: 1312, Time: 2024-10-23 11:10:49.194, Time: 2024-10-23 11:10:49.194

Send1: 1313, Time: 2024-10-23 11:10:49.294, Time: 2024-10-23 11:10:49.294

Send1: 1314, Time: 2024-10-23 11:10:49.395, Time: 2024-10-23 11:10:49.395

Send1: 1315, Time: 2024-10-23 11:10:49.496, Time: 2024-10-23 11:10:49.496

Send1: 1316, Time: 2024-10-23 11:10:49.596, Time: 2024-10-23 11:10:49.596

Send1: 1317, Time: 2024-10-23 11:10:49.697, Time: 2024-10-23 11:10:49.697

Send1: 1319, Time: 2024-10-23 11:10:49.898, Time: 2024-10-23 11:10:49.898

Send1: 1320, Time: 2024-10-23 11:10:49.999, Time: 2024-10-23 11:10:49.999

Send1: 1321, Time: 2024-10-23 11:10:50.099, Time: 2024-10-23 11:10:50.099

Send1: 1322, Time: 2024-10-23 11:10:50.200, Time: 2024-10-23 11:10:50.200

Send1: 1323, Time: 2024-10-23 11:10:50.300, Time: 2024-10-23 11:10:50.300

Send1: 1324, Time: 2024-10-23 11:10:50.401, Time: 2024-10-23 11:10:50.401

Send1: 1325, Time: 2024-10-23 11:10:50.501, Time: 2024-10-23 11:10:50.501

Send1: 1326, Time: 2024-10-23 11:10:50.602, Time: 2024-10-23 11:10:50.602

Send1: 1327, Time: 2024-10-23 11:10:50.702, Time: 2024-10-23 11:10:50.702

Send1: 1328, Time: 2024-10-23 11:10:50.803, Time: 2024-10-23 11:10:50.803

Send1: 1329, Time: 2024-10-23 11:10:50.903, Time: 2024-10-23 11:10:50.903

Send1: 1330, Time: 2024-10-23 11:10:51.004, Time: 2024-10-23 11:10:51.004

Send1: 1331, Time: 2024-10-23 11:10:51.104, Time: 2024-10-23 11:10:51.104

Send1: 1332, Time: 2024-10-23 11:10:51.205, Time: 2024-10-23 11:10:51.205

Send1: 1333, Time: 2024-10-23 11:10:51.306, Time: 2024-10-23 11:10:51.306

Send1: 1334, Time: 2024-10-23 11:10:51.406, Time: 2024-10-23 11:10:51.406

Send1: 1335, Time: 2024-10-23 11:10:51.507, Time: 2024-10-23 11:10:51.507

Send1: 1336, Time: 2024-10-23 11:10:51.608, Time: 2024-10-23 11:10:51.608

Send1: 1338, Time: 2024-10-23 11:10:51.809, Time: 2024-10-23 11:10:51.809

Send1: 1339, Time: 2024-10-23 11:10:51.910, Time: 2024-10-23 11:10:51.910

Send1: 1340, Time: 2024-10-23 11:10:52.010, Time: 2024-10-23 11:10:52.010

Send1: 1341, Time: 2024-10-23 11:10:52.111, Time: 2024-10-23 11:10:52.111

Send1: 1342, Time: 2024-10-23 11:10:52.211, Time: 2024-10-23 11:10:52.211

Send1: 1343, Time: 2024-10-23 11:10:52.312, Time: 2024-10-23 11:10:52.312

Send1: 1344, Time: 2024-10-23 11:10:52.412, Time: 2024-10-23 11:10:52.412

Send1: 1345, Time: 2024-10-23 11:10:52.513, Time: 2024-10-23 11:10:52.513

Send1: 1346, Time: 2024-10-23 11:10:52.613, Time: 2024-10-23 11:10:52.613

Send1: 1347, Time: 2024-10-23 11:10:52.714, Time: 2024-10-23 11:10:52.714

Send1: 1348, Time: 2024-10-23 11:10:52.815, Time: 2024-10-23 11:10:52.815

Send1: 1349, Time: 2024-10-23 11:10:52.915, Time: 2024-10-23 11:10:52.915

Send1: 1350, Time: 2024-10-23 11:10:53.016, Time: 2024-10-23 11:10:53.016

Send1: 1351, Time: 2024-10-23 11:10:53.117, Time: 2024-10-23 11:10:53.117

Send1: 1352, Time: 2024-10-23 11:10:53.217, Time: 2024-10-23 11:10:53.217

Send1: 1353, Time: 2024-10-23 11:10:53.318, Time: 2024-10-23 11:10:53.318

Send1: 1354, Time: 2024-10-23 11:10:53.418, Time: 2024-10-23 11:10:53.418

Send1: 1355, Time: 2024-10-23 11:10:53.519, Time: 2024-10-23 11:10:53.519

Send1: 1357, Time: 2024-10-23 11:10:53.720, Time: 2024-10-23 11:10:53.720

Send1: 1358, Time: 2024-10-23 11:10:53.821, Time: 2024-10-23 11:10:53.821

Send1: 1359, Time: 2024-10-23 11:10:53.921, Time: 2024-10-23 11:10:53.921

Send1: 1360, Time: 2024-10-23 11:10:54.021, Time: 2024-10-23 11:10:54.021

Send1: 1361, Time: 2024-10-23 11:10:54.122, Time: 2024-10-23 11:10:54.122

Send1: 1362, Time: 2024-10-23 11:10:54.222, Time: 2024-10-23 11:10:54.222

Send1: 1364, Time: 2024-10-23 11:10:54.424, Time: 2024-10-23 11:10:54.424

Send1: 1365, Time: 2024-10-23 11:10:54.524, Time: 2024-10-23 11:10:54.524

Send1: 1366, Time: 2024-10-23 11:10:54.625, Time: 2024-10-23 11:10:54.625

Send1: 1367, Time: 2024-10-23 11:10:54.726, Time: 2024-10-23 11:10:54.726

Send1: 1368, Time: 2024-10-23 11:10:54.826, Time: 2024-10-23 11:10:54.826

Send1: 1369, Time: 2024-10-23 11:10:54.927, Time: 2024-10-23 11:10:54.927

Send1: 1370, Time: 2024-10-23 11:10:55.028, Time: 2024-10-23 11:10:55.028

Send1: 1371, Time: 2024-10-23 11:10:55.128, Time: 2024-10-23 11:10:55.128

Send1: 1372, Time: 2024-10-23 11:10:55.229, Time: 2024-10-23 11:10:55.229

Send1: 1373, Time: 2024-10-23 11:10:55.329, Time: 2024-10-23 11:10:55.329

Send1: 1374, Time: 2024-10-23 11:10:55.430, Time: 2024-10-23 11:10:55.430

Send1: 1376, Time: 2024-10-23 11:10:55.631, Time: 2024-10-23 11:10:55.631

Send1: 1377, Time: 2024-10-23 11:10:55.731, Time: 2024-10-23 11:10:55.731

Send1: 1378, Time: 2024-10-23 11:10:55.832, Time: 2024-10-23 11:10:55.832

Send1: 1379, Time: 2024-10-23 11:10:55.932, Time: 2024-10-23 11:10:55.932

Send1: 1380, Time: 2024-10-23 11:10:56.033, Time: 2024-10-23 11:10:56.033

Send1: 1381, Time: 2024-10-23 11:10:56.133, Time: 2024-10-23 11:10:56.133

Send1: 1382, Time: 2024-10-23 11:10:56.234, Time: 2024-10-23 11:10:56.234

Send1: 1383, Time: 2024-10-23 11:10:56.334, Time: 2024-10-23 11:10:56.334

Send1: 1384, Time: 2024-10-23 11:10:56.435, Time: 2024-10-23 11:10:56.435

Send1: 1385, Time: 2024-10-23 11:10:56.535, Time: 2024-10-23 11:10:56.535

Send1: 1386, Time: 2024-10-23 11:10:56.636, Time: 2024-10-23 11:10:56.636

Send1: 1387, Time: 2024-10-23 11:10:56.737, Time: 2024-10-23 11:10:56.737

Send1: 1388, Time: 2024-10-23 11:10:56.837, Time: 2024-10-23 11:10:56.837

Send1: 1389, Time: 2024-10-23 11:10:56.937, Time: 2024-10-23 11:10:56.937

Send1: 1390, Time: 2024-10-23 11:10:57.038, Time: 2024-10-23 11:10:57.038

Send1: 1391, Time: 2024-10-23 11:10:57.138, Time: 2024-10-23 11:10:57.138

Send1: 1392, Time: 2024-10-23 11:10:57.239, Time: 2024-10-23 11:10:57.239

Send1: 1393, Time: 2024-10-23 11:10:57.340, Time: 2024-10-23 11:10:57.340

Send1: 1394, Time: 2024-10-23 11:10:57.440, Time: 2024-10-23 11:10:57.440

Send1: 1396, Time: 2024-10-23 11:10:57.642, Time: 2024-10-23 11:10:57.642

Send1: 1397, Time: 2024-10-23 11:10:57.742, Time: 2024-10-23 11:10:57.742

Send1: 1398, Time: 2024-10-23 11:10:57.843, Time: 2024-10-23 11:10:57.843

Send1: 1399, Time: 2024-10-23 11:10:57.943, Time: 2024-10-23 11:10:57.943

Send1: 1400, Time: 2024-10-23 11:10:58.044, Time: 2024-10-23 11:10:58.044

Send1: 1401, Time: 2024-10-23 11:10:58.144, Time: 2024-10-23 11:10:58.144

Send1: 1402, Time: 2024-10-23 11:10:58.245, Time: 2024-10-23 11:10:58.245

Send1: 1403, Time: 2024-10-23 11:10:58.345, Time: 2024-10-23 11:10:58.345

Send1: 1404, Time: 2024-10-23 11:10:58.446, Time: 2024-10-23 11:10:58.446

Send1: 1405, Time: 2024-10-23 11:10:58.546, Time: 2024-10-23 11:10:58.546

Send1: 1406, Time: 2024-10-23 11:10:58.647, Time: 2024-10-23 11:10:58.647

Send1: 1407, Time: 2024-10-23 11:10:58.747, Time: 2024-10-23 11:10:58.747

Send1: 1408, Time: 2024-10-23 11:10:58.848, Time: 2024-10-23 11:10:58.848

Send1: 1409, Time: 2024-10-23 11:10:58.949, Time: 2024-10-23 11:10:58.949

Send1: 1410, Time: 2024-10-23 11:10:59.050, Time: 2024-10-23 11:10:59.050

Send1: 1411, Time: 2024-10-23 11:10:59.150, Time: 2024-10-23 11:10:59.150

Send1: 1412, Time: 2024-10-23 11:10:59.251, Time: 2024-10-23 11:10:59.251

Send1: 1413, Time: 2024-10-23 11:10:59.352, Time: 2024-10-23 11:10:59.352

Send1: 1415, Time: 2024-10-23 11:10:59.553, Time: 2024-10-23 11:10:59.553

Send1: 1416, Time: 2024-10-23 11:10:59.654, Time: 2024-10-23 11:10:59.654

Send1: 1417, Time: 2024-10-23 11:10:59.754, Time: 2024-10-23 11:10:59.754

Send1: 1418, Time: 2024-10-23 11:10:59.855, Time: 2024-10-23 11:10:59.855

Send1: 1419, Time: 2024-10-23 11:10:59.955, Time: 2024-10-23 11:10:59.955

Send1: 1420, Time: 2024-10-23 11:11:00.056, Time: 2024-10-23 11:11:00.056

Send1: 1421, Time: 2024-10-23 11:11:00.157, Time: 2024-10-23 11:11:00.157

Send1: 1422, Time: 2024-10-23 11:11:00.258, Time: 2024-10-23 11:11:00.258

Send1: 1424, Time: 2024-10-23 11:11:00.459, Time: 2024-10-23 11:11:00.459

Send1: 1425, Time: 2024-10-23 11:11:00.559, Time: 2024-10-23 11:11:00.559

Send1: 1426, Time: 2024-10-23 11:11:00.660, Time: 2024-10-23 11:11:00.660

Send1: 1428, Time: 2024-10-23 11:11:00.861, Time: 2024-10-23 11:11:00.861

Send1: 1429, Time: 2024-10-23 11:11:00.962, Time: 2024-10-23 11:11:00.962

Send1: 1431, Time: 2024-10-23 11:11:01.163, Time: 2024-10-23 11:11:01.163

Send1: 1432, Time: 2024-10-23 11:11:01.264, Time: 2024-10-23 11:11:01.264

Send1: 1438, Time: 2024-10-23 11:11:01.867, Time: 2024-10-23 11:11:01.867

Send1: 1439, Time: 2024-10-23 11:11:01.967, Time: 2024-10-23 11:11:01.967

Send1: 1441, Time: 2024-10-23 11:11:02.168, Time: 2024-10-23 11:11:02.168

Send1: 1442, Time: 2024-10-23 11:11:02.269, Time: 2024-10-23 11:11:02.269

Send1: 1443, Time: 2024-10-23 11:11:02.370, Time: 2024-10-23 11:11:02.370

Send1: 1444, Time: 2024-10-23 11:11:02.470, Time: 2024-10-23 11:11:02.470

Send1: 1445, Time: 2024-10-23 11:11:02.571, Time: 2024-10-23 11:11:02.571

Send1: 1447, Time: 2024-10-23 11:11:02.772, Time: 2024-10-23 11:11:02.77	Send1: 1448, Time: 2024-10-23 11:11:02.872, Time: 2024-10-23 11:11:02.872

Send1: 1449, Time: 2024-10-23 11:11:02.973, Time: 2024-10-23 11:11:02.973

Send1: 1450, Time: 2024-10-23 11:11:03.073, Time: 2024-10-23 11:11:03.073

Send1: 1451, Time: 2024-10-23 11:11:03.174, Time: 2024-10-23 11:11:03.174

Send1: 1452, Time: 2024-10-23 11:11:03.275, Time: 2024-10-23 11:11:03.275

Send1: 1454, Time: 2024-10-23 11:11:03.476, Time: 2024-10-23 11:11:03.476

Send1: 1455, Time: 2024-10-23 11:11:03.576, Time: 2024-10-23 11:11:03.576

Send1: 1456, Time: 2024-10-23 11:11:03.677, Time: 2024-10-23 11:11:03.677

Send1: 1457, Time: 2024-10-23 11:11:03.777, Time: 2024-10-23 11:11:03.777

Send1: 1458, Time: 2024-10-23 11:11:03.878, Time: 2024-10-23 11:11:03.878

Send1: 1459, Time: 2024-10-23 11:11:03.979, Time: 2024-10-23 11:11:03.979

Send1: 1460, Time: 2024-10-23 11:11:04.079, Time: 2024-10-23 11:11:04.079

Send1: 1461, Time: 2024-10-23 11:11:04.180, Time: 2024-10-23 11:11:04.180

Send1: 1464, Time: 2024-10-23 11:11:04.481, Time: 2024-10-23 11:11:04.481

Send1: 1466, Time: 2024-10-23 11:11:04.682, Time: 2024-10-23 11:11:04.682

Send1: 1467, Time: 2024-10-23 11:11:04.782, Time: 2024-10-23 11:11:04.782

Send1: 1468, Time: 2024-10-23 11:11:04.883, Time: 2024-10-23 11:11:04.883

Send1: 1469, Time: 2024-10-23 11:11:04.984, Time: 2024-10-23 11:11:04.984

Send1: 1470, Time: 2024-10-23 11:11:05.084, Time: 2024-10-23 11:11:05.084

Send1: 1472, Time: 2024-10-23 11:11:05.285, Time: 2024-10-23 11:11:05.285

Send1: 1474, Time: 2024-10-23 11:11:05.487, Time: 2024-10-23 11:11:05.487

Send1: 1475, Time: 2024-10-23 11:11:05.587, Time: 2024-10-23 11:11:05.587

Send1: 1476, Time: 2024-10-23 11:11:05.688, Time: 2024-10-23 11:11:05.688

Send1: 1477, Time: 2024-10-23 11:11:05.789, Time: 2024-10-23 11:11:05.789

Send1: 1478, Time: 2024-10-23 11:11:05.890, Time: 2024-10-23 11:11:05.890

Send1: 1481, Time: 2024-10-23 11:11:06.192, Time: 2024-10-23 11:11:06.192

Send1: 1487, Time: 2024-10-23 11:11:06.795, Tim‚‘2824-10-23 11:11:06.795

Send1: 1488, Time: 2024-10-23 11:11:06.896, Time: 2024-10-23 11:11:06.896

Send1: 1489, Time: 2024-10-23 11:11:06.997, Time: 2024-10-23 11:11:06.997

Send1: 1490, Time: 2024-10-23 11:11:07.098, Time: 2024-10-23 11:11:07.098

Send1: 1491, Time: 2024-10-23 11:11:07.198, Time: 2024-10-23 11:11:07.198

Send1: 1493, Time: 2024-10-23 11:11:07.399, Time: 2024-10-23 11:11:07.399

Send1: 1494, Time: 2024-10-23 11:11:07.500, Time: 2024-10-23 11:11:07.500

Send1: 1495, Time: 2024-10-23 11:11:07.600, Time: 2024-10-23 11:11:07.600

Send1: 1496, Time: 2024-10-23 11:11:07.701, Time: 2024-10-23 11:11:07.701

Send1: 1497, Time: 2024-10-23 11:11:07.801, Time: 2024-10-23 11:11:07.801

Send1: 1498, Time: 2024-10-23 11:11:07.902, Time: 2024-10-23 11:11:07.902

Send1: 1499, Time: 2024-10-23 11:11:08.002, Time: 2024-10-23 11:11:08.002

Send1: 1500, Time: 2024-10-23 11:11:08.103, Time: 2024-10-23 11:11:08.103

Send1: 1501, Time: 2024-10-23 11:11:08.204, Time: 2024-10-23 11:11:08.204

Send1: 1502, Time: 2024-10-23 11:11:08.305, Time: 2024-10-23 11:11:08.305

Send1: 1503, Time: 2024-10-23 11:11:08.405, Time: 2024-10-23 11:11:08.405

Send1: 1504, Time: 2024-10-23 11:11:08.506, Time: 2024-10-23 11:11:08.506

Send1: 1506, Time: 2024-10-23 11:11:08.707, Time: 2024-10-23 11:11:08.707

Send1: 1515, Time: 2

Send1: 1524, Time: 2024-10-23 11:11:10.517, Time: 2024-10-23 11:11:10.517

Send1: 1527, Time: 2024-10-23 11:11:10.819, Time: 2024-10-23 11:11:10.819

Send1: 1528, Time: 2024-10-23 11:11:10.920, Time: 2024-10-23 11:11:10.920

Send1: 1529, Time: 2024-10-23 11:11:11.021, Time: 2024-10-23 11:11:11.021

Send1: 1530, Time: 2024-10-23 11:11:11.121, Time: 2024-10-23 11:11:11.121

Send1: 1532, Time: 2024-10-23 11:11:11.323, Time: 2024-10-23 11:11:11.323

Send1: 1533, Time: 2024-10-23 11:11:11.423, Time: 2024-10-23 11:11:11.423

Send1: 1534, Time: 2024-10-23 11:11:11.524, Time: 2024-10-23 11:11:11.524

Send1: 1535, Time: 2024-10-23 11:11:11.625, Time: 2024-10-23 11:11:11.625

Send1: 1536, Time: 2024-10-23 11:11:11.726, Time: 2024-10-23 11:11:11.726

Send1: 1537, Time: 2024-10-23 11:11:11.826, Time: 2024-10-23 11:11:11.826

Send1: 1540, Time: 2024-10-23 11:11:12.128, Time: 2024-10-23 11:11:12.128

Send1: 1542, Time: 2024-10-23 11:11:12.329, Time: 2024-10-23 11:11:12.329

Send1: 1564, Time: 2024-10-23 11:11:14.542, Time: 2024-10-23 11:11:14.542

Send1: 1565, Time: 2024-10-23 11:11:14.642, Time: 2024-10-23 11:11:14.642

Send1: 1572, Time: 2024-10-23 11:11:15.346, Time: 2024-10-23 11:11:15.346

Send1: 1573, Time: 2024-10-23 11:11:15.447, Time: 2024-10-23 11:11:15.447

Send1: 1575, Time: 2024-10-23 11:11:15.648, Time: 2024-10-23 11:11:15.648

Send1: 1576, Time: 2024-10-23 11:11:15.749, Time: 2024-10-23 11:11:15.749

Send1: 1577, Time: 2024-10-23 11:11:15.849, Time: 2024-10-23 11:11:15.849

Send1: 1582, Time: 2024-10-23 11:11:16.353, Time: 2024-10-23 11:11:16.353

Send1: 1636, Time: 2024-10-23 11:11:21.784, Time: 2024-10-23 11:11:21.784

Send1: 1637, Time: 2024-10-23 11:11:21.885, Time: 2024-10-23 11:11:21.885

Send1: 1638, Time: 2024-10-23 11:11:21.985, Time: 2024-10-23 11:11:21.985

Send1: 1639, Time: 2024-10-23 11:11:22.086, Time: 2024-10-23 11:11:22.086

Send1: 1640, Time: 2024-10-23 11:11:22.186, Time: 2024-10-23 11:11:22.186

Send1: 1641, Time: 2024-10-23 11:11:22.287, Time: 2024-10-23 11:11:22.287

Send1: 1644, Time: 2024-10-23 11:11:22H389, Time: 2024-10-23 11:11:22.589

Send1: 1646, Time: 2024-10-23 11:11:22.790, Time: 2024-10-23 11:11:22.790

