11:16:29.201, Time: 2024-10-23 11:16:29.201

Send1: '9+, Time: 2024-10-23 11:16:44.295, Time: 2024-10-23 01:16:44.295

Send1: 188, Time: 2024-10-23 11:16:44.395, Time: 2024-10-23 11:16:44.395

Send1: 189, Time: 2024-10-23 11:16:44.496, Time: 2024-10-23 11:16:44.496

Send1: 192, Time: 2024-10-23 11:16:44.797, Time: 2024-10-23 11:16:44.797

Send1: 193, Time: 2024-10-23 11:16:44.898, Time: 2024-10-23 11:16:44.898

Send1: 194, Time: 2024-10-23 11:16:44.999, Time: 2024-10-23 11:16:44.999

Send1: 195, Time: 2024-10-23 11:16:45.099, Time: 2024-10-23 11:16:45.099

Send1: 196, Time: 2024-10-23 11:16:45.200, Time: 2024-10-23 11:16:45.200

Send1: 261, Time: 20q/10-23 1#836:45.703, Time: 2024-10-23 11:16:45.703

Send1: 218, Time: 2024-10-23 11:16:47.415, Time: 2024-10-23 11:16:47.415

Send1: 219, Time: 2024-10-23 11:16:47.516, Time: 2024-10-23 11:16:47.516

Send1: 220, Time: 2024-10-23 11:16:47.616, Time: 2024-10-23 11:16:47.616

Send1: 221, Time: 2024-10-23 11:16:47.717, Time: 2024-10-23 11:16:47.717

Send1: 222, Time: 2024-10-23 11:16:47.818, Time: 2024-10-23 11:16:47.818

Send1: 250, Time: 2024-10-23 11:16:50.636, Time: 2024-10-23 11:16:50.636

Send1: 251, Time: 2024-10-23 11:16:50.736, Time: 2024-10-23 11:16:50.736

Send1: 252, Time: 2024-10-23 11:16:50.837, Time: 2024-10-23 11:16:50.837

Send1: 255, Time: 2024-10-23 11:16:51.139, Time: 2024-10-23 11:16:51.139

Send1: 260, Time: 2024-10-23 11:16:51.641, Time: 2024-10-23 11:16:51.641

Send1: 261, Time: 2024-10-23 11:16:51.742, Time: 2024-10-23 11:16:51.742

Send1: 265, Time: 2024-10-23 11:16:52.144, Time: 2024-10-23 11:16:52.144

Send1: 272, Time: 2024-10-23 11:16:52.848, Time: 2024-10-23 11:16:52.848

Send1: 273, Time: 2024-10-23 11:16:52.948, Time: 2024-10-23 11:16:52.948

Send1: 289, Time: 2024-10-23 11:16:54.558, Time: 2024-10-23 11:16:54.558

Send1: 290, Time: 2024-10-23 11:16:54.659, Time: 2024-10-23 11:16:54.659

Send1: 294, Time: 2024-10-23 11:16:55.062, Time: 2024-10-23 11:16:55.062

Send1: 295, Time: 2024-10-23 11:16:55.163, Time: 2024-10-23 11:16:55.163

Send1: 296, Time: 2024-10-23 11:16:55.263, Time: 2024-10-23 11:16:55.263

Send1: 297, Time: 2024-10-23 11:16:55.364, Time: 2024-10-23 11:16:55.364

Send1: 301, Time: 2024-10-23 11:16:55.767, Time: 2024-10-23 11:16:55.767

Send1: 302, Time: 2024-10-23 11:16:55.867, Time: 2024-10-23 11:16:55.867

Send1: 303, Time: 2024-10-23 11:16:55.968, Time: 2024-10-23 11:16:55.968

Send1: 304, Time: 2024-10-23 11:16:56.069, Time: 2024-10-23 11:16:56.069

Send1: 305, Time: 2024-10-23 11:16:56.169, Time: 2024-10-23 11:16:56.169

Send1: 306, Time: 2024-10-23 11:16:56.270, Time: 2024-10-23 11:16:56.270

Send1: 307, Time: 2024-10-23 11:16:56.370, Time: 2024-10-23 11:16:56.370

Send1: 308, Time: 2024-10-23 11:16:56.470, Time: 2024-10-23 11:16:56.470

Send1: 310, Time: 2024-10-23 11:16:56.672, Time: 2024-10-23 11:16:56.672

Send1: 311, Time: 2024-10-23 11:16:56.772, Time: 2024-10-23 11:16:56.772

Send1: 312, Time: 2024-10-23 11:16:56.873, Time: 2024-10-23 11:16:56.873

Send1: 313, Time: 2024-10-23 11:16:56.974, Time: 2024-10-23 11:16:56.974

Send1: 315, Time: 2024-10-23 11:16:57.175, Time: 2024-10-23 11:16:57.175

Send1: 317, Time: 2024-10-23 11:16:57.376, Time: 2024-10-23 11:16:57.376

Send1: 318, Time: 2024-10-23 11:16:57.477, Time: 2024-10-23 11:16:57.477

Send1: 319, Time: 2024-10-23 11:16:57.577, Time: 2024-10-23 11:16:57.577

Send1: 320, Time: 2024-10-23 11:16:57.678, Time: 2024-10-23 11:16:57.678

Send1: 321, Time: 2024-10-23 11:16:57.778, Time: 2024-10-23 11:16:57.778

Send1: 322, Time: 2024-10-23 11:16:57.879, Time: 2024-10-23 11:16:57.879

Send1: 323, Time: 2024-10-23 11:16:57.980, Time: 2024-10-23 11:16:57.980

Send1: 324, Time: 2024-10-23 11:16:58.080, Time: 2024-10-23 11:16:58.080

Send1: 325, Time: 2024-10-23 11:16:58.181, Time: 2024-10-23 11:16:58.181

Send1: 329, Time: 2024-10-23 11:16:58.583, Time: 2024-10-23 11:16:58.583

Send1: 330, Time: 2024-10-23 11:16:58.684, Time: 2024-10-23 11:16:58.684

Send1: 331, Time: 2024-10-23 11:16:58.785, Time: 2024-10-23 11:16:58.785

Send1: 332, Time: 2024-10-23 11:16:58.885, Time: 2024-10-23 11:16:58.885

Send1: 333, Time: 2024-10-23 11:16:58.985, Time: 2024-10-23 11:16:58.985

Send1: 334, Time: 2024-10-23 11:16:59.086, Time: 2024-10-23 11:16:59.086

Send1: 335, Time: 2024-10-23 11:16:59.186, Time: 2024-10-23 11:16:59.186

Send1: 336, Time: 2024-10-23 11:16:59.287, Time: 2024-10-23 11:16:59.287

Send1: 337, Time: 2024-10-23 11:16:59.387, Time: 2024-10-23 11:16:59.387

Send1: 338, Time: 2024-10-23 11:16:59.488, Time: 2024-10-23 11:16:59.488

Send1: 340, Time: 2024-10-23 11:16:59.689, Time: 2024-10-23 11:16:59.689

Send1: 341, Time: 2024-10-23 11:16:59.789, Time: 2024-10-23 11:16:59.789

Send1: 342, Time: 2024-10-23 11:16:59.890, Time: 2024-10-23 11:16:59.890

Send1: 343, Time: 2024-10-23 11:16:59.990, Time: 2024-10-23 11:16:59.990

Send1: 344, Time: 2024-10-23 11:17:00.091, Time: 2024-10-23 11:17:00.091

Send1: 345, Time: 2024-10-23 11:17:00.192, Time: 2024-10-23 11:17:00.192

Send1: 346, Time: 2024-10-23 11:17:00.292, Time: 2024-10-23 11:17:00.292

Send1: 347, Time: 2024-10-23 11:17:00.393, Time: 2024-10-23 11:17:00.393

Send1: 348, Time: 2024-10-23 11:17:00.494, Time: 2024-10-23 11:17:00.494

Send1: 349, Time: 2024-10-23 11:17:00.594, Time: 2024-10-23 11:17:00.594

Send1: 350, Time: 2024-10-23 11:17:00.695, Time: 2024-10-23 11:17:00.695

Send1: 352, Time: 2024-10-23 11:17:00.896, Time: 2024-10-23 11:17:00.896

Send1: 353, Time: 2024-10-23 11:17:00.996, Time: 2024-10-23 11:17:00.996

Send1: 354, Time: 2024-10-23 11:17:01.097, Time: 2024-10-23 11:17:01.097

Send1: 355, Time: 2024-10-23 11:17:01.198, Time: 2024-10-23 11:17:01.198

Send1: 356, Time: 2024-10-23 11:17:01.298, Time: 2024-10-23 11:17:01.298

Send1: 357, Time: 2024-10-23 11:17:01.399, Time: 2024-10-23 11:17:01.399

Send1: 358, Time: 2024-10-23 11:17:01.499, Time: 2024-10-23 11:17:01.499

Send1: 359, Time: 2024-10-23 11:17:01.600, Time: 2024-10-23 11:17:01.600

Send1: 360, Time: 2024-10-23 11:17:01.700, Time: 2024-10-23 11:17:01.700

Send1: 361, Time: 2024-10-23 11:17:01.801, Time: 2024-10-23 11:17:01.801

Send1: 362, Time: 2024-10-23 11:17:01.902, Time: 2024-10-23 11:17:01.902

Send1: 363, Time: 2024-10-23 11:17:02.002, Time: 2024-10-23 11:17:02.002

Send1: 364, Time: 2024-10-23 11:17:02.103, Time: 2024-10-23 11:17:02.103

Send1: 365, Time: 2024-10-23 11:17:02.203, Time: 2024-10-23 11:17:02.203

Send1: 366, Time: 2024-10-23 11:17:02.304, Time: 2024-10-23 11:17:02.304

Send1: 367, Time: 2024-10-23 11:17:02.404, Time: 2024-10-23 11:17:02.404

Send1: 368, Time: 2024-10-23 11:17:02.505, Time: 2024-10-23 11:17:02.505

Send1: 369, Time: 2024-10-23 11:17:02.606, Time: 2024-10-23 11:17:02.606

Send1: 370, Time: 2024-10-23 11:17:02.706, Time: 2024-10-23 11:17:02.706

Send1: 372, Time: 2024-10-23 11:17:02.907, Time: 2024-10-23 11:17:02.907

Send1: 373, Time: 2024-10-23 11:17:03.008, Time: 2024-10-23 11:17:03.008

Send1: 374, Time: 2024-10-23 11:17:03.108, Time: 2024-10-23 11:17:03.108

Send1: 375, Time: 2024-10-23 11:17:03.209, Time: 2024-10-23 11:17:03.209

Send1: 376, Time: 2024-10-23 11:17:03.309, Time: 2024-10-23 11:17:03.309

Send1: 377, Time: 2024-10-23 11:17:03.410, Time: 2024-10-23 11:17:03.410

Send1: 378, Time: 2024-10-23 11:17:03.510, Time: 2024-10-23 11:17:03.510

Send1: 379, Time: 2024-10-23 11:17:03.611, Time: 2024-10-23 11:17:03.611

Send1: 380, Time: 2024-10-23 11:17:03.712, Time: 2024-10-23 11:17:03.712

Send1: 385, Time: 2024-10-23 11:17:04.215, Time: 2024-10-23 11:17:04.215

Send1: 386, Time: 2024-10-23 11:17:04.316, Time: 2024-10-23 11:17:04.316

Send1: 387, Time: 2024-10-23 11:17:04.416, Time: 2024-10-23 11:17:04.416

Send1: 389, Time: 2024-10-23 11:17:04.617, Time: 2024-10-23 11:17:04.617

Send1: 392, Time: 2024-10-23 11:17:04.919, Time: 2024-10-23 11:17:04.919

Send1: 394, Time: 2024-10-23 11:17:05.120, Time: 2024-10-23 11:17:05.120

Send1: 396, Time: 2024-10-23 11:17:05.321, Time: 2024-10-23 11:17:05.321

Send1: 397, Time: 2024-10-23 11:17:05.422, Time: 2024-10-23 11:17:05.422

Send1: 400, Time: 2024-10-23 11:17:05.724, Time: 2024-10-23 11:17:05.724

Send1: 401, Time: 2024-10-23 11:17:05.824, Time: 2024-10-23 11:17:05.824

Send1: 403, Time: 2024-10-23 11:17:06.026, Time: 2024-10-23 11:17:06.026

Send1: 406, Time: 2024-10-23 11:17:06.328, Time: 2024-10-23 11:17:06.328

Send1: 407, Time: 2024-10-23 11:17:06.428, Time: 2024-10-23 11:17:06.428

Send1: 408, Time: 2024-10-23 11:17:06.529, Time: 2024-10-23 11:17:06.529

Send1: 409, Time: 2024-10-23 11:17:06.630, Time: 2024-10-23 11:17:06.630

Send1: 410, Time: 2024-10-23 11:17:06.731, Time: 2024-10-23 11:17:06.731

Send1: 411, Time: 2024-10-23 11:17:06.831, Time: 2024-10-23 11:17:06.831

Send1: 413, Time: 2024-10-23 11:17:07.032, Time: 2024-10-23 11:17:07.032

Send1: 414, Time: 2024-10-23 11:17:07.133, Time: 2024-10-23 11:17:07.133

Send1: 415, Time: 2024-10-23 11:17:07.233, Time: 2024-10-23 11:17:07.233

Send1: 416, Time: 2024-10-23 11:17:07.334, Time: 2024-10-23 11:17:07.334

Send1: 417, Time: 2024-10-23 11:17:07.435, Time: 2024-10-23 11:17:07.435

Send1: 418, Time: 2024-10-23 11:17:07.535, Time: 2024-10-23 11:17:07.535

Send1: 419, Time: 2024-10-23 11:17:07.636, Time: 2024-10-23 11:17:07.636

Send1: 422, Time: 2024-10-23 11:17:07.938, Time: 2024-10-23 11:17:07.938

Send1: 423, Time: 2024-10-23 11:17:08.038, Time: 2024-10-23 11:17:08.038

Send1: 424, Time: 2024-10-23 11:17:08.139, Time: 2024-10-23 11:17:08.139

Send1: 425, Time: 2024-10-23 11:17:08.239, Time: 2024-10-23 11:17:08.239

Send1: 426, Time: 2024-10-23 11:17:08.340, Time: 2024-10-23 11:17:08.340

Send1: 427, Time: 2024-10-23 11:17:08.440, Time: 2024-10-23 11:17:08.440

Send1: 428, Time: 2024-10-23 11:17:08.541, Time: 2024-10-23 11:17:08.541

Send1: 429, Time: 2024-10-23 11:17:08.641, Time: 2024-10-23 11:17:08.641

Send1: 432, Time: 2024-10-23 11:17:08.943, Time: 2024-10-23 11:17:08.943

Send1: 433, Time: 2024-10-23 11:17:09.044, Time: 2024-10-23 11:17:09.044

Send1: 434, Time: 2024-10-23 11:17:09.145, Time: 2024-10-23 11:17:09.145

Send1: 435, Time: 2024-10-23 11:17:09.245, Time: 2024-10-23 11:17:09.245

Send1: 436, Time: 2024-10-23 11:17:09.345, Time: 2024-10-23 11:17:09.345

Send1: 437, Time: 2024-10-23 11:17:09.446, Time: 2024-10-23 11:17:09.446

Send1: 438, Time: 2024-10-23 11:17:09.547, Time: 2024-10-23 11:17:09.547

Send1: 439, Time: 2024-10-23 11:17:09.648, Time: 2024-10-23 11:17:09.648

Send1: 440, Time: 2024-10-23 11:17:09.748, Time: 2024-10-23 11:17:09.748

Send1: 441, Time: 2024-10-23 11:17:09.849, Time: 2024-10-23 11:17:09.849

Send1: 442, Time: 2024-10-23 11:17:09.949, Time: 2024-10-23 11:17:09.949

Send1: 443, Time: 2024-10-23 11:17:10.050, Time: 2024-10-23 11:17:10.050

Send1: 444, Time: 2024-10-23 11:17:10.150, Time: 2024-10-23 11:17:10.150

Send1: 445, Time: 2024-10-23 11:17:10.251, Time: 2024-10-23 11:17:10.251

Send1: 446, Time: 2024-10-23 11:17:10.352, Time: 2024-10-23 11:17:10.352

Send1: 447, Time: 2024-10-23 11:17:10.452, Time: 2024-10-23 11:17:10.452

Send1: 448, Time: 2024-10-23 11:17:10.553, Time: 2024-10-23 11:17:10.553

Send1: 449, Time: 2024-10-23 11:17:10.654, Time: 2024-10-23 11:17:10.654

Send1: 450, Time: 2024-10-23 11:17:10.754, Time: 2024-10-23 11:17:10.754

Send1: 451, Time: 2024-10-23 11:17:10.855, Time: 2024-10-23 11:17:10.855

Send1: 452, Time: 2024-10-23 11:17:10.956, Time: 2024-10-23 11:17:10.956

Send1: 453, Time: 2024-10-23 11:17:11.056, Time: 2024-10-23 11:17:11.056

Send1: 454, Time: 2024-10-23 11:17:11.156, Time: 2024-10-23 11:17:11.156

Send1: 455, Time: 2024-10-23 11:17:11.257, Time: 2024-10-23 11:17:11.257

Send1: 456, Time: 2024-10-23 11:17:11.357, Time: 2024-10-23 11:17:11.357

Send1: 457, Time: 2024-10-23 11:17:11.458, Time: 2024-10-23 11:17:11.458

Send1: 458, Time: 2024-10-23 11:17:11.559, Time: 2024-10-23 11:17:11.559

Send1: 459, Time: 2024-10-23 11:17:11.659, Time: 2024-10-23 11:17:11.659

Send1: 460, Time: 2024-10-23 11:17:11.760, Time: 2024-10-23 11:17:11.760

Send1: 461, Time: 2024-10-23 11:17:11.860, Time: 2024-10-23 11:17:11.860

Send1: 462, Time: 2024-10-23 11:17:11.961, Time: 2024-10-23 11:17:11.961

Send1: 463, Time: 2024-10-23 11:17:12.061, Time: 2024-10-23 11:17:12.061

Send1: 464, Time: 2024-10-23 11:17:12.161, Time: 2024-10-23 11:17:12.161

Send1: 465, Time: 2024-10-23 11:17:12.262, Time: 2024-10-23 11:17:12.262

Send1: 466, Time: 2024-10-23 11:17:12.363, Time: 2024-10-23 11:17:12.363

Send1: 467, Time: 2024-10-23 11:17:12.463, Time: 2024-10-23 11:17:12.463

Send1: 468, Time: 2024-10-23 11:17:12.564, Time: 2024-10-23 11:17:12.564

Send1: 469, Time: 2024-10-23 11:17:12.665, Time: 2024-10-23 11:17:12.665

Send1: 470, Time: 2024-10-23 11:17:12.765, Time: 2024-10-23 11:17:12.765

Send1: 471, Time: 2024-10-23 11:17:12.865, Time: 2024-10-23 11:17:12.865

Send1: 472, Time: 2024-10-23 11:17:12.966, Time: 2024-10-23 11:17:12.966

Send1: 473, Time: 2024-10-23 11:17:13.067, Time: 2024-10-23 11:17:13.067

Send1: 474, Time: 2024-10-23 11:17:13.167, Time: 2024-10-23 11:17:13.167

Send1: 475, Time: 2024-10-23 11:17:13.268, Time: 2024-10-23 11:17:13.268

Send1: 476, Time: 2024-10-23 11:17:13.368, Time: 2024-10-23 11:17:13.368

Send1: 477, Time: 2024-10-23 11:17:13.469, Time: 2024-10-23 11:17:13.469

Send1: 478, Time: 2024-10-23 11:17:13.570, Time: 2024-10-23 11:17:13.570

Send1: 479, Time: 2024-10-23 11:17:13.671, Time: 2024-10-23 11:17:13.671

Send1: 480, Time: 2024-10-23 11:17:13.772, Time: 2024-10-23 11:17:13.772

Send1: 481, Time: 2024-10-23 11:17:13.872, Time: 2024-10-23 11:17:13.872

Send1: 482, Time: 2024-10-23 11:17:13.973, Time: 2024-10-23 11:17:13.973

Send1: 483, Time: 2024-10-23 11:17:14.073, Time: 2024-10-23 11:17:14.073

Send1: 484, Time: 2024-10-23 11:17:14.174, Time: 2024-10-23 11:17:14.174

Send1: 485, Time: 2024-10-23 11:17:14.274, Time: 2024-10-23 11:17:14.274

Send1: 486, Time: 2024-10-23 11:17:14.375, Time: 2024-10-23 11:17:14.375

Send1: 487, Time: 2024-10-23 11:17:14.476, Time: 2024-10-23 11:17:14.476

Send1: 488, Time: 2024-10-23 11:17:14.577, Time: 2024-10-23 11:17:14.577

Send1: 489, Time: 2024-10-23 11:17:14.677, Time: 2024-10-23 11:17:14.677

Send1: 490, Time: 2024-10-23 11:17:14.778, Time: 2024-10-23 11:17:14.778

Send1: 491, Time: 2024-10-23 11:17:14.878, Time: 2024-10-23 11:17:14.878

Send1: 492, Time: 2024-10-23 11:17:14.979, Time: 2024-10-23 11:17:14.979

Send1: 493, Time: 2024-10-23 11:17:15.079, Time: 2024-10-23 11:17:15.079

Send1: 494, Time: 2024-10-23 11:17:15.180, Time: 2024-10-23 11:17:15.180

Send1: 495, Time: 2024-10-23 11:17:15.281, Time: 2024-10-23 11:17:15.281

Send1: 496, Time: 2024-10-23 11:17:15.381, Time: 2024-10-23 11:17:15.381

Send1: 497, Time: 2024-10-23 11:17:15.482, Time: 2024-10-23 11:17:15.482

Send1: 498, Time: 2024-10-23 11:17:15.582, Time: 2024-10-23 11:17:15.582

Send1: 499, Time: 2024-10-23 11:17:15.683, Time: 2024-10-23 11:17:15.683

Send1: 500, Time: 2024-10-23 11:17:15.783, Time: 2024-10-23 11:17:15.783

Send1: 501, Time: 2024-10-23 11:17:15.884, Time: 2024-10-23 11:17:15.884

Send1: 502, Time: 2024-10-23 11:17:15.985, Time: 2024-10-23 11:17:15.985

Send1: 503, Time: 2024-10-23 11:17:16.085, Time: 2024-10-23 11:17:16.085

Send1: 505, Time: 2024-10-23 11:17:16.286, Time: 2024-10-23 11:17:16.286

Send1: 506, Time: 2024-10-23 11:17:16.387, Time: 2024-10-23 11:17:16.387

Send1: 508, Time: 2024-10-23 11:17:16.589, Time: 2024-10-23 11:17:16.589

Send1: 510, Time: 2024-10-23 11:17:16.790, Time: 2024-10-23 11:17:16.790

Send1: 511, Time: 2024-10-23 11:17:16.891, Time: 2024-10-23 11:17:16.891

Send1: 512, Time: 2024-10-23 11:17:16.991, Time: 2024-10-23 11:17:16.991

Send1: 513, Time: 2024-10-23 11:17:17.092, Time: 2024-10-23 11:17:17.092

Send1: 514, Time: 2024-10-23 11:17:17.192, Time: 2024-10-23 11:17:17.192

Send1: 515, Time: 2024-10-23 11:17:17.293, Time: 2024-10-23 11:17:17.293

Send1: 516, Time: 2024-10-23 11:17:17.394, Time: 2024-10-23 11:17:17.394

Send1: 517, Time: 2024-10-23 11:17:17.495, Time: 2024-10-23 11:17:17.495

Send1: 518, Time: 2024-10-23 11:17:17.595, Time: 2024-10-23 11:17:17.595

Send1: 519, Time: 2024-10-23 11:17:17.696, Time: 2024-10-23 11:17:17.696

Send1: 522, Time: 2024-10-23 11:17:17.997, Time: 2024-10-23 11:17:17.997

Send1: 523, Time: 2024-10-23 11:17:18.098, Time: 2024-10-23 11:17:18.098

Send1: 524, Time: 2024-10-23 11:17:18.198, Time: 2024-10-23 11:17:18.198

Send1: 527, Time: 2024-10-23 11:17:18.500, Time: 2024-10-23 11:17:18.500

Send1: 528, Time: 2024-10-23 11:17:18.600, Time: 2024-10-23 11:17:18.600

Send1: 529, Time: 2024-10-23 11:17:18.701, Time: 2024-10-23 11:17:18.701

Send1: 530, Time: 2024-10-23 11:17:18.801, Time: 2024-10-23 11:17:18.801

Send1: 531, Time: 2024-10-23 11:17:18.902, Time: 2024-10-23 11:17:18.902

Send1: 534, Time: 2024-10-23 11:17:19.204, Time: 2024-10-23 11:17:19.204

Send1: 538, Time: 2024-10-23 11:17:19.606, Time: 2024-10-23 11:17:19.606

Send1: 543, Time: 2024-10-23 11:QQZ20.109, Time: 2024-10-23 11:17:20.109

Send1: 546, Time: 2024-10-23 11:17:20.411, Time: 2024-10-23 11:17:20.411

Send1: 547, Time: 2024-10-23 11:17:20.511, Time: 2024-10-23 11:17:20.511

Send1: 548, Time: 2024-10-23 11:17:20.612, Time: 2024-10-23 11:17:20.612

Send1: 549, Time: 2024-10-23 11:17:20.712, Time: 2024-10-23 11:17:20.712

Send1: 550, Time: 2024-10-23 11:17:20.813, Time: 2024-10-23 11:17:20.813

Send1: 551, Time: 2024-10-23 11:17:20.914, Time: 2024-10-23 11:17:20.914

Send1: 552, Time: 2024-10-23 11:17:21.014, Time: 2024-10-23 11:17:21.014

Send1: 553, Time: 2024-10-23 11:17:21.115, Time: 2024-10-23 11:17:21.115

Send1: 556, Time: 2024-10-23 11:17:21.417, Time: 2024-10-23 11:17:21.417

Send1: 559, Time: 2024-10-23 11:17:21.718, Time: 2024-10-23 11:17:21.718

Send1: 560, Time: 2024-10-23 11:17:21.819, Time: 2024-10-23 11:17:21.819

Send1: 564, Time: 2024-10-23 11:17:22.221, Time: 2024-10-23 11:17:22.221

Send1: 565, Time: 2024-10-23 11:17:22.322, Time: 2024-10-23 11:17:22.322

Send1: u6,FTime: 2024-10-23 11:17:TT04, Time: 2024-10-23 11:17:22.624

Send1: 570, Time: 2024-10-23 11:17:22.825, Time: 2024-10-23 11:17:22.825

Send1: 572, Time: 2024-10-23 11:17:23.026, Time: 2024-10-23 11:17:23.026

Send1: 575, Time: 2024-10-23 11:17:23.328, Time: 2024-10-23 11:17:23.328

Send1: 577, Time: 2024-10-23 11:17:23.529, Time: 2024-10-23 11:17:23.529

Send1: 578, Time: 2024-10-23 11:17:23.630, Time: 2024-10-23 11:17:23.630

Send1: 580, Time: 2024-10-23 11:17:23.831, Time: 2024-10-23 11:17:23.831

Send1: 582, Time: 2024-10-23 11:17:24.032, Time: 2024-10-23 11:17:24.032

Send1: 583, Time: 2024-10-23 11:17:24.133, Time: 2024-10-23 11:17:24.133

Send1: 585, Time: 2024-10-23 11:17:24.33-y@B|me: 2024-10-23 11:17:24.334

Send1: 589, Time: 2024-10-23 11:17:24.736, Time: 2024-10-23 11:17:24.736

Send1: 594, Time: 2024-10-23 11:17:25.239, Time: 2024-10-23 11:17:25.239

Send1: 601, Time: 2024-10-23 11:17:25.943, Time: 2024-10-23 11:17:25.943

Send1: 603, Time: 2024-10-23 11:17:26.144, Time: 2024-10-23 11:17:26.144

Send1: 606, Time: 2024-10-23 11:17:26.446, Time: 2024-10-23 11:17:26.446

Send1: 611, Time: 2024-10-23 11:17:26.949, Time: 2024-10-23 11:17:26.949

Send1: 612, Time: 2024-10-23 11:17:27.049, Time: 2024-10-23 11:17:27.049

Send1: 614, Time: 2024-10-23 11:17:27.250, Time: 2024-10-23 11:17:27.250

Send1: 628, Time: 2024-10-23 11:17:28.660, Time: 2024-10-23 11:17:28.660

Send1: 629, Time: 2024-10-23 11:17:28.760, Time: 2024-10-23 11:17:28.760

Send1: 630, Time: 2024-10-23 11:17:28.861, Time: 2024-10-23 11:17:28.861

Send1: 631, Time: 2024-10-23 11:17:28.961, Time: 2024-10-23 11:17:28.961

Send1: 632, Time: 2024-10-23 11:17:29.062, Time: 2024-10-23 11:17:29.062

Send1: 633, Time: 2024-10-23 11:17:29.163, Time: 2024-10-23 11:17:29.163

Send1: 634, Time: 2024-10-23 11:17:29.263, Time: 2024-10-23 11:17:29.263

Send1: 635, Time: 2024-10-23 11:17:29.364, Time: 2024-10-23 11:17:29.364

Send1: 638, Time: 2024-10-23 11:17:29.666, Time: 2024-10-23 11:17:29.666

Send1: 643, Time: 2024-10-23 11:17:30.168, Time: 2024-10-23 11:17:30.168

Send1: 644, Time: 2024-10-23 11:17:30.269, Time: 2024-10-23 11:17:30.269

Send1: 645, Time: 2024-10-23 11:17:30.369, Time: 2024-10-23 11:17:30.369

Send1: 646, Time: 2024-10-23 11:17:30.470, Time: 2024-10-23 11:17:30.470

Send1: 647, Time: 2024-10-23 11:17:30.571, Time: 2024-10-23 11:17:30.571

Send1: 648, Time: 2024-10-23 11:17:30.671, Time: 2024-10-23 11:17:30.671

Send1: 649, Time: 2024-10-23 11:17:30.772, Time: 2024-10-23 11:17:30.772

Send1: 650, Time: 2024-10-23 11:17:30.872, Time: 2024-10-23 11:17:30.872

Send1: 651, Time: 2024-10-23 11:17:30.973, Time: 2024-10-23 11:17:30.973

Send1: 654, Time: 2024-10-23 11:17:31.275, Time: 2024-10-23 11:17:31.275

Send1: 655, Time: 2024-10-23 11:17:31.376, Time: 2024-10-23 11:17:31.376

Send1: 657, Time: 2024-10-23 11:17:31.577, Time: 2024-10-23 11:17:31.577

Send1: 660, Time: 2024-10-23 11:17:31.879, Time: 2024-10-23 11:17:31.879

Send1: 661, Time: 2024-10-23 11:17:31.980, Time: 2024-10-23 11:17:31.980

Send1: 662, Time: 2024-10-23 11:17:32.080, Time: 2024-10-23 11:17:32.080

Send1: 663, Time: 2024-10-23 11:17:32.181, Time: 2024-10-23 11:17:32.181

Send1: 664, Time: 2024-10-23 11:17:32.281, Time: 2024-10-23 11:17:32.281

Send1: 665, Time: 2024-10-23 11:17:32.382, Time: 2024-10-23 11:17:32.382

Send1: 666, Time: 2024-10-23 11:17:32.482, Time: 2024-10-23 11:17:32.482

Send1: 667, Time: 2024-10-23 11:17:32.583, Time: 2024-10-23 11:17:32.583

Send1: 668, Time: 2024-10-23 11:17:32.684, Time: 2024-10-23 11:17:32.684

Send1: 670, Time: 2024-10-23 11:17:32.885, Time: 2024-10-23 11:17:32.885

Send1: 671, Time: 2024-10-23 11:17:32.985, Time: 2024-10-23 11:17:32.985

Send1: 672, Time: 2024-10-23 11:17:33.086, Time: 2024-10-23 11:17:33.086

Send1: 675, Time: 2024-10-23 11:17:33.388, Time: 2024-10-23 11:17:33.388

Send1: 676, Time: 2024-10-23 11:17:33.489, Time: 2024-10-23 11:17:33.489

Send1: 677, Time: 2024-10-23 11:17:33.589, Time: 2024-10-23 11:17:33.589

Send1: 678, Time: 2024-10-23 11:17:33.690, Time: 2024-10-23 11:17:33.690

Send1: 679, Time: 2024-10-23 11:17:33.791, Time: 2024-10-23 11:17:33.791

Send1: 680, Time: 2024-10-23 11:17:33.892, Time: 2024-10-23 11:17:33.892

Send1: 682, Time: 2024-10-23 11:17:34.093, Time: 2024-10-23 11:17:34.093

Send1: 685, Time: 2024-10-23 11:17:34.395, Time: 2024-10-23 11:17:34.395

Send1: 686, Time: 2024-10-23 11:17:34.496, Time: 2024-10-23 11:17:34.496

Send1: 687, Time: 2024-10-23 11:17:34.596, Time: 2024-10-23 11:17:34.596

Send1: 689, Time: 2024-10-23 11:17:34.798, Time: 2024-10-23 11:17:34.798

Send1: 690, Time: 2024-10-23 11:17:34.898, Time: 2024-10-23 11:17:34.898

Send1: 691, Time: 2024-10-23 11:17:34.999, Time: 2024-10-23 11:17:34.999

Send1: 692, Time: 2024-10-23 11:17:35.100, Time: 2024-10-23 11:17:35.100

Send1: 693, Time: 2024-10-23 11:17:35.200, Time: 2024-10-23 11:17:35.200

Send1: 694, Time: 2024-10-23 11:17:35.301, Time: 2024-10-23 11:17:35.301

Send1: 695, Time: 2024-10-23 11:17:35.401, Time: 2024-10-23 11:17:35.401

Send1: 696, Time: 2024-10-23 11:17:35.502, Time: 2024-10-23 11:17:35.502

Send1: 697, Time: 2024-10-23 11:17:35.602, Time: 2024-10-23 11:17:35.602

Send1: 698, Time: 2024-10-23 11:17:35.703, Time: 2024-10-23 11:17:35.703

Send1: 699, Time: 2024-10-23 11:17:35.803, Time: 2024-10-23 11:17:35.803

Send1: 700, Time: 2024-10-23 11:17:35.903, Time: 2024-10-23 11:17:35.903

Send1: 701, Time: 2024-10-23 11:17:36.004, Time: 2024-10-23 11:17:36.004

Send1: 702, Time: 2024-10-23 11:17:36.104, Time: 2024-10-23 11:17:36.104

Send1: 703, Time: 2024-10-23 11:17:36.205, Time: 2024-10-23 11:17:36.205

Send1: 705, Time: 2024-10-23 11:17:36.406, Time: 2024-10-23 11:17:36.406

Send1: 706, Time: 2024-10-23 11:17:36.507, Time: 2024-10-23 11:17:36.507

Send1: 707, Time: 2024-10-23 11:17:36.607, Time: 2024-10-23 11:17:36.607

Send1: 709, Time: 2024-10-23 11:17:36.809, Time: 2024-10-23 11:17:36.809

Send1: 710, Time: 2024-10-23 11:17:36.910, Time: 2024-10-23 11:17:36.910

Send1: 711, Time: 2024-10-23 11:17:37.011, Time: 2024-10-23 11:17:37.011

Send1: 712, Time: 2024-10-23 11:17:37.111, Time: 2024-10-23 11:17:37.111

Send1: 713, Time: 2024-10-23 11:17:37.212, Time: 2024-10-23 11:17:37.212

Send1: 714, Time: 2024-10-23 11:17:37.313, Time: 2024-10-23 11:17:37.313

Send1: 716, Time: 2024-10-23 11:17:37.514, Time: 2024-10-23 11:17:37.514

Send1: 717, Time: 2024-10-23 11:17:37.615, Time: 2024-10-23 11:17:37.615

Send1: 718, Time: 2024-10-23 11:17:37.715, Time: 2024-10-23 11:17:37.715

Send1: 719, Time: 2024-10-23 11:17:37.816, Time: 2024-10-23 11:17:37.816

Send1: 720, Time: 2024-10-23 11:17:37.917, Time: 2024-10-23 11:17:37.917

Send1: 721, Time: 2024-10-23 11:17:38.017, Time: 2024-10-23 11:17:38.017

Send1: 722, Time: 2024-10-23 11:17:38.117, Time: 2024-10-23 11:17:38.117

Send1: 723, Time: 2024-10-23 11:17:38.218, Time: 2024-10-23 11:17:38.218

Send1: 724, Time: 2024-10-23 11:17:38.319, Time: 2024-10-23 11:17:38.319

Send1: 725, Time: 2024-10-23 11:17:38.419, Time: 2024-10-23 11:17:38.419

Send1: 727, Time: 2024-10-23 11:17:38.620, Time: 2024-10-23 11:17:38.620

Send1: 728, Time: 2024-10-23 11:17:38.721, Time: 2024-10-23 11:17:38.721

Send1: 729, Time: 2024-10-23 11:17:38.821, Time: 2024-10-23 11:17:38.821

Send1: 730, Time: 2024-10-23 11:17:38.922, Time: 2024-10-23 11:17:38.922

Send1: 731, Time: 2024-10-23 11:17:39.023, Time: 2024-10-23 11:17:39.023

Send1: 732, Time: 2024-10-23 11:17:39.123, Time: 2024-10-23 11:17:39.123

Send1: 733, Time: 2024-10-23 11:17:39.224, Time: 2024-10-23 11:17:39.224

Send1: 734, Time: 2024-10-23 11:17:39.325, Time: 2024-10-23 11:17:39.325

Send1: 735, Time: 2024-10-23 11:17:39.426, Time: 2024-10-23 11:17:39.426

Send1: 736, Time: 2024-10-23 11:17:39.526, Time: 2024-10-23 11:17:39.526

Send1: 737, Time: 2024-10-23 11:17:39.627, Time: 2024-10-23 11:17:39.627

Send1: 738, Time: 2024-10-23 11:17:39.727, Time: 2024-10-23 11:17:39.727

Send1: 739, Time: 2024-10-23 11:17:39.828, Time: 2024-10-23 11:17:39.828

Send1: 741, Time: 2024-10-23 11:17:40.029, Time: 2024-10-23 11:17:40.029

Send1: 742, Time: 2024-10-23 11:17:40.130, Time: 2024-10-23 11:17:40.130

Send1: 744, Time: 2024-10-23 11:17:40.331, Time: 2024-10-23 11:17:40.331

Send1: 745, Time: 2024-10-23 11:17:40.432, Time: 2024-10-23 11:17:40.432

Send1: 746, Time: 2024-10-23 11:17:40.533, Time: 2024-10-23 11:17:40.533

Send1: 748, Time: 2024-10-23 11:17:40.734, Time: 2024-10-23 11:17:40.734

Send1: 749, Time: 2024-10-23 11:17:40.835, Time: 2024-10-23 11:17:40.835

Send1: 750, Time: 2024-10-23 11:17:40.936, Time: 2024-10-23 11:17:40.936

Send1: 752, Time: 2024-10-23 11:17:41.137, Time: 2024-10-23 11:17:41.137

Send1: 753, Time: 2024-10-23 11:17:41.238, Time: 2024-10-23 11:17:41.238

Send1: 754, Time: 2024-10-23 11:17:41.338, Time: 2024-10-23 11:17:41.338

Send1: 755, Time: 2024-10-23 11:17:41.439, Time: 2024-10-23 11:17:41.439

Send1: 756, Time: 2024-10-23 11:17:41.539, Time: 2024-10-23 11:17:41.539

Send1: 757, Time: 2024-10-23 11:17:41.640, Time: 2024-10-23 11:17:41.640

Send1: 760, Time: 2024-10-23 11:17:41.942, Time: 2024-10-23 11:17:41.942

Send1: 762, Time: 2024-10-23 11:17:42.143, Time: 2024-10-23 11:17:42.143

Send1: 765, Time: 2024-10-23 11:17:42.444, Time: 2024-10-23 11:17:42.444

Send1: 766, Time: 2024-10-23 11:17:42.545, Time: 2024-10-23 11:17:42.545

Send1: 767, Time: 2024-10-23 11:17:42.645, Time: 2024-10-23 11:17:42.645

Send1: 768, Time: 2024-10-23 11:17:42.746, Time: 2024-10-23 11:17:42.746

Send1: 770, Time: 2024-10-23 11:17:42.947, Time: 2024-10-23 11:17:42.947

Send1: 772, Time: 2024-10-23 11:17:43.149, Time: 2024-10-23 11:17:43.149

Send1: 777, Time: 2024-10-23 11:17:43.651, Time: 2024-10-23 11:17:43.651

Send1: 780, Time: 2024-10-23 11:17:43.953, Time: 2024-10-23 11:17:43.953

Send1: 781, Time: 2024-10-23 11:17:44.054, Time: 2024-10-23 11:17:44.054

Send1: 782, Time: 2024-10-23 11:17:44.155, Time: 2024-10-23 11:17:44.155

Send1: 791, Time: 2024-10-23 11:17:45.060, Time: 2024-10-23 11:17:45.060

Send1: 793, Time* 2024-10-23 11:17:45.261, Time: 2024-10-23 11:17:45.261

Send1: 795, Time: 2024-10-23 11:17:45.463, Time: 2024-10-23 11:17:45.463

Send1: 797, Time: 2024-10-23 11:17:45.664, \ime: 2024-10-23 11:17:45.664

Send1: 798, Time: 2024-10-23 11:17:45.765, Time: 2024-10-23 11:17:45.765

Send1: 803, Time: 2024-10-23 11:17:46.268, Time: 2024-10-23 11:17:46.268

Send1: 804, Time: 2024-10-23 11:17:46.369, Time: 2024-10-23 11:17:46.369

Send1: 805, Time: 2024-10-23 11:17:46.469, Time: 2024-10-23 11:17:46.469

Send1: 807, Time: 2024-10-23 11:17:46.670, Time: 2024-10-23 11:17:46.670

Send1: 808, Time: 2024-10-23 11:17:46.771, Time: 2024-10-23 11:17:46.771

Send1: 811, Time: 2024-10-23 11:17:47.073, Time: 2024-10-23 11:17:47.073

Send1: 814, Time: 2024-10-23 11:17:47.374, Time: 2024-10-23 11:17:47.374

Send1: 815, Time: 2024-10-23 11:17:47.475, Time: 2024-10-23 11:17:47.475

Send1: 816, Time: 2024-10-23 11:17:47.575, Time: 2024-10-23 11:17:47.575

Send1: 817, Time: 2024-10-23 11:17:47.675, Time: 2024-10-23 11:17:47.675

Send1: 818, Time: 2024-10-23 11:17:47.776, Time: 2024-10-23 11:17:47.776

Semd1: 820, Time: 2024-10-23 11:17:47.977, Time: 2024-10-23 11:17:47(977

Send1: 824, Time: 2024-10-23 11:17:48.380, Time



Send1: 3259, Time: 2024-10-23 11:21:53/#82, Time: 2024-10-23 11:21:53.382

3001:2"=04&"06

Send1: 3470, Time: 2024-10-23 11:22:14.609, Time: 2024-10-23 11:22:14.609

Send1: 3471, Time: 2024-10-23 11:22:14.710, Time: 2024-10-23 11:22:14.710

Send1: 3479, Time: 2024-10-23 11:22:15.515, Time: 2024-10-23 11:22:15.515

Send1: 3480, Time: 2024-10-23 11:22:15.615, Time: 2024-10-23 11:22:15.615

Send1: 3482, Time: 2024-10-23 11:22:15.817, Time: 2024-10-23 11:22:15.817

Send1: 3487, Time: 2024-10-23 11:22:16.320, Time: 2024-10-23 11:22:16.320

Send1: 3488, Time: 2024-10-23 11:22:16.420, Time: 2024-10-23 11:22:16.420

Send1: 3500, Time: 2024-10-23 11:22:17.628, Time: 2024-10-23 11:22:17.628

Send1: 3503, Time: 2024-10-23 11:22:17.930, Time: 2024-10-23 11:22:17.930

Send1: 3506, Time: 2024-10-23 11:22:18.231, Time: 2024-10-23 11:22:18.231

Send1: 3508, Time: 2024-10-23 11:22:18.432, Time: 2024-10-23 11:22:18.432

Send1: 3509, Time: 2024-10-23 11:22:18.533, Time: 2024-10-23 11:22:18.533

Send1: 3510, Time: 2024-10-23 11:22:18.633, Time: 2024-10-23 11:22:18.633

Send1: 3512, Time: 2024-10-23 11:22:18.834, Time: 2024-10-23 11:22:18.834

Send1: 3514, Time: 2024-10-23 11:22:19.035, Time: 2024-10-23 11:22:19.035

Send1: 3516, Time: 2024-10-23 11:22:19.237, Time: 2024-10-23 11:22:19.237

Send1: 3518, Time: 2024-10-23 11:22:19.438, Time: 2024-10-23 11:22:19.438

Send1: 3519, Time: 2024-10-23 11:22:19.539, Time: 2024-10-23 11:22:19.539

Send1: 3520, Time: 2024-10-23 11:22:19.639, Time: 2024-10-23 11:22:19.639

Send1: 3521, Time: 2024-10-23 11:22:19.740, Time: 2024-10-23 11:22:19.740

Send1: 3525, Time: 2024-10-23 11:22:20.143, Time: 2024-10-23 11:22:20.143

Send1: 3526, Time: 2024-10-23 11:22:20.244, Time: 2024-10-23 11:22:20.244

Send1: 3534, Time: 2024-10-23 11:22:21.049, Time: 2024-10-23 11:22:21.049

Send1: 3538, Time: 2024-10-23 11:22:21.451, Time: 2024-10-23 11:22:21.451

Send1: 3542, Time: 2024-10-23 11:22:21.854, Time: 2024-10-23 11:22:21.854

Send1: 3543, Time: 2024-10-23 11:22:21.954, Time: 2024-10-23 11:22:21.954

Send1: 3545, Time: 2024-10-23 11:22:22.155, Time: 2024-10-23 11:22:22.155

Send1: 3546, Time: 2024-10-23 11:22:22.256, Time: 2024-10-23 11:22:22.256

Send1: 3547, Time: 2024-10-23 11:22:22.357, Time: 2024-10-23 11:22:22.357

Send1: 3548, Time: 2024-10-23 11:22:22.457, Time: 2024-10-23 11:22:22.457

Send1: 3550, Time: 2024-10-23 11:22:22.659, Time: 2024-10-23 11:22:22.659

Send1: 3551, Time: 2024-10-23 11:22:22.760, Time: 2024-10-23 11:22:22.760

Send1: 3552, Time: 2024-10-23 11:22:22.860, Time: 2024-10-23 11:22:22.860

Send1: 3553, Time: 2024-10-23 11:22:22.961, Time: 2024-10-23 11:22:22.961

Send1: 3554, Time: 2024-10-23 11:22:23.061, Time: 2024-10-23 11:22:23.061

Send1: 3555, Time: 2024-10-23 11:22:23.162, Time: 2024-10-23 11:22:23.162

Send1: 3557, Time: 2024-10-23 11:22:23.363, Time: 2024-10-23 11:22:23.363

Send1: 3558, Time: 2024-10-23 11:22:23.464, Time: 2024-10-23 11:22:23.464

Send1: 3559, Time: 2024-10-23 11:22:23.564, Time: 2024-10-23 11:22:23.564

Send1: 3560, Time: 2024-10-23 11:22:23.665, Time: 2024-10-23 11:22:23.665

Send1: 3561, Time: 2024-10-23 11:22:23.766, Time: 2024-10-23 11:22:23.766

Send1: 3562, Time: 2024-10-23 11:22:23.866, Time: 2024-10-23 11:22:23.866

Send1: 3563, Time: 2024-10-23 11:22:23.966, Time: 2024-10-23 11:22:23.966

Send1: 3564, Time: 2024-10-23 11:22:24.067, Time: 2024-10-23 11:22:24.067

Send1: 3565, Time: 2024-10-23 11:22:24.167, Time: 2024-10-23 11:22:24.167

Send1: 3566, Time: 2024-10-23 11:22:24.268, Time: 2024-10-23 11:22:24.268

Send1: 3567, Time: 2024-10-23 11:22:24.368, Time: 2024-10-23 11:22:24.368

Send1: 3568, Time: 2024-10-23 11:22:24.469, Time: 2024-10-23 11:22:24.469

Send1: 3569, Time: 2024-10-23 11:22:24.570, Time: 2024-10-23 11:22:24.570

Send1: 3570, Time: 2024-10-23 11:22:24.670, Time: 2024-10-23 11:22:24.670

Send1: 3571, Time: 2024-10-23 11:22:24.771, Time: 2024-10-23 11:22:24.771

Send1: 3572, Time: 2024-10-23 11:22:24.871, Time: 2024-10-23 11:22:24.871

Send1: 3573, Time: 2024-10-23 11:22:24.972, Time: 2024-10-23 11:22:24.972

Send1: 3576, Time: 2024-10-23 11:22:25.274, Time: 2024-10-23 11:22:25.274

Send1: 3577, Time: 2024-10-23 11:22:25.374, Time: 2024-10-23 11:22:25.374

Send1: 3578, Time: 2024-10-23 11:22:25.475, Time: 2024-10-23 11:22:25.475

Send1: 3579, Time: 2024-10-23 11:22:25.576, Time: 2024-10-23 11:22:25.576

Send1: 3580, Time: 2024-10-23 11:22:25.676, Time: 2024-10-23 11:22:25.676

Send1: 3581, Time: 2024-10-23 11:22:25.777, Time: 2024-10-23 11:22:25.777

Send1: 3582, Time: 2024-10-23 11:22:25.877, Time: 2024-10-23 11:22:25.877

Send1: 3583, Time: 2024-10-23 11:22:25.978, Time: 2024-10-23 11:22:25.978

Send1: 3584, Time: 2024-10-23 11:22:26.078, Time: 2024-10-23 11:22:26.078

Send1: 3585, Time: 2024-10-23 11:22:26.179, Time: 2024-10-23 11:22:26.179

Send1: 3586, Time: 2024-10-23 11:22:26.279, Time: 2024-10-23 11:22:26.279

Send1: 3587, Time: 2024-10-23 11:22:26.380, Time: 2024-10-23 11:22:26.380

Send1: 3588, Time: 2024-10-23 11:22:26.480, Time: 2024-10-23 11:22:26.480

Send1: 3589, Time: 2024-10-23 11:22:26.581, Time: 2024-10-23 11:22:26.581

Send1: 3590, Time: 2024-10-23 11:22:26.681, Time: 2024-10-23 11:22:26.681

Send1: 3591, Time: 2024-10-23 11:22:26.781, Time: 2024-10-23 11:22:26.781

Send1: 3593, Time: 2024-10-23 11:22:26.983, Time: 2024-10-23 11:22:26.983

Send1: 3595, Time: 2024-10-23 11:22:27.184, Time: 2024-10-23 11:22:27.184

Send1: 3596, Time: 2024-10-23 11:22:27.285, Time: 2024-10-23 11:22:27.285

Send1: 3598, Time: 2024-10-23 11:22:27.487, Time: 2024-10-23 11:22:27.487

Send1: 3599, Time: 2024-10-23 11:22:27.587, Time: 2024-10-23 11:22:27.587

Send1: 3600, Time: 2024-10-23 11:22:27.687, Time: 2024-10-23 11:22:27.687

Send1: 3605, Time: 2024-10-23 11:22:28.190, Time: 2024-10-23 11:22:28.190

Send1: 3606, Time: 2024-10-23 11:22:28.290, Time: 2024-10-23 11:22:28.290

Send1: 3607, Time: 2024-10-23 11:22:28.391, Time: 2024-10-23 11:22:28.391

Send1: 3608, Time: 2024-10-23 11:22:28.491, Time: 2024-10-23 11:22:28.491

Send1: 3609, Time: 2024-10-23 11:22:28.592, Time: 2024-10-23 11:22:28.592

Send1: 3610, Time: 2024-10-23 11:22:28.692, Time: 2024-10-23 11:22:28.692

Send1: 3611, Time: 2024-10-23 11:22:28.793, Time: 2024-10-23 11:22:28.793

Send1: 3612, Time: 2024-10-23 11:22:28.894, Time: 2024-10-23 11:22:28.894

Send1: 3613, Time: 2024-10-23 11:22:28.994, Time: 2024-10-23 11:22:28.994

Send1: 3615, Time: 2024-10-23 11:22:29.195, Time: 2024-10-23 11:22:29.195

Send1: 3616, Time: 2024-10-23 11:22:29.296, Time: 2024-10-23 11:22:29.296

Send1: 3617, Time: 2024-10-23 11:22:29.397, Time: 2024-10-23 11:22:29.397

Send1: 3618, Time: 2024-10-23 11:22:29.497, Time: 2024-10-23 11:22:29.497

Send1: 3619, Time: 2024-10-23 11:22:29.598, Time: 2024-10-23 11:22:29.598

Send1: 3620, Time: 2024-10-23 11:22:29.699, Time: 2024-10-23 11:22:29.699

Send1: 3621, Time: 2024-10-23 11:22:29.799, Time: 2024-10-23 11:22:29.799

Send1: 3622, Time: 2024-10-23 11:22:29.900, Time: 2024-10-23 11:22:29.900

Send1: 3623, Time: 2024-10-23 11:22:30.001, Time: 2024-10-23 11:22:30.001

Send1: 3624, Time: 2024-10-23 11:22:30.101, Time: 2024-10-23 11:22:30.101

Send1: 3625, Time: 2024-10-23 11:22:30.201, Time: 2024-10-23 11:22:30.201

Send1: 3626, Time: 2024-10-23 11:22:30.302, Time: 2024-10-23 11:22:30.302

Send1: 3627, Time: 2024-10-23 11:22:30.403, Time: 2024-10-23 11:22:30.403

Send1: 3628, Time: 2024-10-23 11:22:30.503, Time: 2024-10-23 11:22:30.503

Send1: 3629, Time: 2024-10-23 11:22:30.604, Time: 2024-10-23 11:22:30.604

Send1: 3630, Time: 2024-10-23 11:22:30.704, Time: 2024-10-23 11:22:30.704

Send1: 3631, Time: 2024-10-23 11:22:30.805, Time: 2024-10-23 11:22:30.805

Send1: 3639, Time: 2024-10-23 11:22:31.609, Time: 2024-10-23 11:22:31.609

Send1: 3641, Time: 2024-10-23 11:22:31.811, Time: 2024-10-23 11:22:31.811

Send1: 3642, Time: 2024-10-23 11:22:31.911, Time: 2024-10-23 11:22:31.911

Send1: 3643, Time: 2024-10-23 11:22:32.011, Time: 2024-10-23 11:22:32.011

Send1: 3644, Time: 2024-10-23 11:22:32.112, Time: 2024-10-23 11:22:32.112

Send1: 3646, Time: 2024-10-23 11:22:32.313, Time: 2024-10-23 11:22:32.313

Send1: 3647, Time: 2024-10-23 11:22:32.414, Time: 2024-10-23 11:22:32.414

Send1: 3648, Time: 2024-10-23 11:22:32.514, Time: 2024-10-23 11:22:32.514

Send1: 3649, Time: 2024-10-23 11:22:32.615, Time: 2024-10-23 11:22:32.615

Send1: 3651, Time: 2024-10-23 11:22:32.816, Time: 2024-10-23 11:22:32.816

Send1: 3652, Time: 2024-10-23 11:22:32.917, Time: 2024-10-23 11:22:32.917

Send1: 3654, Time: 2024-10-23 11:22:33.119, Time: 2024-10-23 11:22:33.119

Send1: 3657, Time: 2024-10-23 11:22:33.421, Time: 2024-10-23 11:22:33.421

Send1: 3658, Time: 2024-10-23 11:22:33.521, Time: 2024-10-23 11:22:33.521

Send1: 3659, Time: 2024-10-23 11:22:33.621, Time: 2024-10-23 11:22:33.621

Send1: 3660, Time: 2024-10-23 11:22:33.722, Time: 2024-10-23 11:22:33.722

Send1: 3661, Time: 2024-10-23 11:22:33.823, Time: 2024-10-23 11:22:33.823

Send1: 3662, Time: 2024-10-23 11:22:33.923, Time: 2024-10-23 11:22:33.923

Send1: 3663, Time: 2024-10-23 11:22:34.024, Time: 2024-10-23 11:22:34.024

Send1: 3664, Time: 2024-10-23 11:22:34.125, Time: 2024-10-23 11:22:34.125

Send1: 3665, Time: 2024-10-23 11:22:34.225, Time: 2024-10-23 11:22:34.225

Send1: 3666, Time: 2024-10-23 11:22:34.326, Time: 2024-10-23 11:22:34.326

Send1: 3667, Time: 2024-10-23 11:22:34.427, Time: 2024-10-23 11:22:34.427

Send1: 3668, Time: 2024-10-23 11:22:34.527, Time: 2024-10-23 11:22:34.527

Send1: 3669, Time: 2024-10-23 11:22:34.628, Time: 2024-10-23 11:22:34.628

Send1: 3673, Time: 2024-10-23 11:22:35.030, Time: 2024-10-23 11:22:35.030

Send1: 3675, Time: 2024-10-23 11:22:35.231, Time: 2024-10-23 11:22:35.231

Send1: 3676, Time: 2024-10-23 11:22:35.332, Time: 2024-10-23 11:22:35.332

Send1: 3677, Time: 2024-10-23 11:22:35.433, Time: 2024-10-23 11:22:35.433

Send1: 3678, Time: 2024-10-23 11:22:35.534, Time: 2024-10-23 11:22:35.534

Send1: 3679, Time: 2024-10-23 11:22:35.634, Time: 2024-10-23 11:22:35.634

Send1: 3680, Time: 2024-10-23 11:22:35.735, Time: 2024-10-23 11:22:35.735

Send1: 3681, Time: 2024-10-23 11:22:35.835, Time: 2024-10-23 11:22:35.835

Send1: 3682, Time: 2024-10-23 11:22:35.936, Time: 2024-10-23 11:22:35.936

Send1: 3684, Time: 2024-10-23 11:22:36.137, Time: 2024-10-23 11:22:36.137

Send1: 3685, Time: 2024-10-23 11:22:36.238, Time: 2024-10-23 11:22:36.238

Send1: 3686, Time: 2024-10-23 11:22:36.339, Time: 2024-10-23 11:22:36.339

Send1: 3688, Time: 2024-10-23 11:22:36.540, Time: 2024-10-23 11:22:36.540

Send1: 3689, Time: 2024-10-23 11:22:36.641, Time: 2024-10-23 11:22:36.641

Send1: 3690, Time: 2024-10-23 11:22:36.741, Time: 2024-10-23 11:22:36.741

Send1: 3692, Time: 2024-10-23 11:22:36.943, Time: 2024-10-23 11:22:36.943

Send1: 3693, Time: 2024-10-23 11:22:37.043, Time: 2024-10-23 11:22:37.043

Send1: 3694, Time: 2024-10-23 11:22:37.144, Time: 2024-10-23 11:22:37.144

Send1: 3695, Time: 2024-10-23 11:22:37.245, Time: 2024-10-23 11:22:37.245

Send1: 3696, Time: 2024-10-23 11:22:37.346, Time: 2024-10-23 11:22:37.346

Send1: 3698, Time: 2024-10-23 11:22:37.547, Time: 2024-10-23 11:22:37.547

Send1: 3699, Time: 2024-10-23 11:22:37.647, Time: 2024-10-23 11:22:37.647

Send1: 3700, Time: 2024-10-23 11:22:37.748, Time: 2024-10-23 11:22:37.748

Send1: 3701, Time: 2024-10-23 11:22:37.848, Time: 2024-10-23 11:22:37.848

Send1: 3703, Time: 2024-10-23 11:22:38.049, Time: 2024-10-23 11:22:38.049

Send1: 3704, Time: 2024-10-23 11:22:38.150, Time: 2024-10-23 11:22:38.150

Send1: 3706, Time: 2024-10-23 11:22:38.351, Time: 2024-10-23 11:22:38.351

Send1: 3708, Time: 2024-10-23 11:22:38.553, Time: 2024-10-23 11:22:38.553

Send1: 3709, Time: 2024-10-23 11:22:38.653, Time: 2024-10-23 11:22:38.653

Send1: 3710, Time: 2024-10-23 11:22:38.754, Time: 2024-10-23 11:22:38.754

Send1: 3712, Time: 2024-10-23 11:22:38.954, Time: 2024-10-23 11:22:38.954

Send1: 3713, Time: 2024-10-23 11:22:39.055, Time: 2024-10-23 11:22:39.055

Send1: 3714, Time: 2024-10-23 11:22:39.155, Time: 2024-10-23 11:22:39.155

Send1: 3715, Time: 2024-10-23 11:22:39.255, Time: 2024-10-23 11:22:39.255

Send1: 3717, Time: 2024-10-23 11:22:39.456, Time: 2024-10-23 11:22:39.456

Send1: 3718, Time: 2024-10-23 11:22:39.556, Time: 2024-10-23 11:22:39.556

Send1: 3719, Time: 2024-10-23 11:22:39.657, Time: 2024-10-23 11:22:39.657

Send1: 3720, Time: 2024-10-23 11:22:39.758, Time: 2024-10-23 11:22:39.758

Send1: 3722, Time: 2024-10-23 11:22:39.959, Time: 2024-10-23 11:22:39.959

Send1: 3725, Time: 2024-10-23 11:22:40.260, Time: 2024-10-23 11:22:40.260

Send1: 3727, Time: 2024-10-23 11:22:40.462, Time: 2024-10-23 11:22:40.462

Send1: 3728, Time: 2024-10-23 11:22:40.562, Time: 2024-10-23 11:22:40.562

Send1: 3729, Time: 2024-10-23 11:22:40.663, Time: 2024-10-23 11:22:40.663

Send1: 3731, Time: 2024-10-23 11:22:40.864, Time: 2024-10-23 11:22:40.864

Send1: 3732, Time: 2024-10-23 11:22:40.964, Time: 2024-10-23 11:22:40.964

Send1: 3733, Time: 2024-10-23 11:22:41.065, Time: 2024-10-23 11:22:41.065

Send1: 3734, Time: 2024-10-23 11:22:41.165, Time: 2024-10-23 11:22:41.165

Send1: 3735, Time: 2024-10-23 11:22:41.266, Time: 2024-10-23 11:22:41.266

Send1: 3736, Time: 2024-10-23 11:22:41.366, Time: 2024-10-23 11:22:41.366

Send1: 3737, Time: 2024-10-23 11:22:41.467, Time: 2024-10-23 11:22:41.467

Send1: 3738, Time: 2024-10-23 11:22:41.567, Time: 2024-10-23 11:22:41.567

Send1: 3744, Time: 2024-10-23 11

Send1: 3768, Time: 2024-10-23 11:22:44.583, Time: 2024-10-23 11:22:44.583

Send1: 3771, Time: 2024-10-23 11:22:44.885, Time: 2024-10-23 11:22:44.885

Send1: 3773, Time: 2024-10-23 11:22:45.086, Time: 2024-10-23 11:22:45.086

Send1: 3776, Time: 2024-10-23 11:22:45.388, Time: 2024-10-23 11:22:45.388

Send1: 3787, Time: 2024-10-23 11:22:46.495, Time: 2024-10-23 11:22:46.495

Send1: 3789, Time: 2024-10-23 11:22:46.696, Time: 2024-10-23 11:22:46.696

